[2019-07-30 19:46:34] [WARN ] [org.thymeleaf.templatemode.TemplateMode:150]-- [THYMELEAF][main] Template Mode 'HTML5' is deprecated. Using Template Mode 'HTML' instead.
[2019-07-30 19:48:34] [WARN ] [org.thymeleaf.templatemode.TemplateMode:150]-- [THYMELEAF][main] Template Mode 'HTML5' is deprecated. Using Template Mode 'HTML' instead.
[2019-07-30 19:49:01] [WARN ] [org.thymeleaf.templatemode.TemplateMode:150]-- [THYMELEAF][main] Template Mode 'HTML5' is deprecated. Using Template Mode 'HTML' instead.
[2019-07-30 19:56:21] [WARN ] [org.thymeleaf.templatemode.TemplateMode:150]-- [THYMELEAF][main] Template Mode 'HTML5' is deprecated. Using Template Mode 'HTML' instead.
[2019-07-30 19:57:15] [WARN ] [org.thymeleaf.templatemode.TemplateMode:150]-- [THYMELEAF][main] Template Mode 'HTML5' is deprecated. Using Template Mode 'HTML' instead.
[2019-07-30 19:58:02] [WARN ] [org.thymeleaf.templatemode.TemplateMode:150]-- [THYMELEAF][main] Template Mode 'HTML5' is deprecated. Using Template Mode 'HTML' instead.
[2019-07-30 20:01:24] [WARN ] [org.thymeleaf.templatemode.TemplateMode:150]-- [THYMELEAF][main] Template Mode 'HTML5' is deprecated. Using Template Mode 'HTML' instead.
[2019-07-30 20:04:58] [WARN ] [org.thymeleaf.templatemode.TemplateMode:150]-- [THYMELEAF][main] Template Mode 'HTML5' is deprecated. Using Template Mode 'HTML' instead.
[2019-07-30 20:05:48] [WARN ] [org.thymeleaf.templatemode.TemplateMode:150]-- [THYMELEAF][main] Template Mode 'HTML5' is deprecated. Using Template Mode 'HTML' instead.
[2019-07-30 20:20:30] [WARN ] [org.thymeleaf.templatemode.TemplateMode:150]-- [THYMELEAF][main] Template Mode 'HTML5' is deprecated. Using Template Mode 'HTML' instead.
[2019-07-30 20:22:37] [WARN ] [org.thymeleaf.templatemode.TemplateMode:150]-- [THYMELEAF][main] Template Mode 'HTML5' is deprecated. Using Template Mode 'HTML' instead.
[2019-07-30 20:22:52] [WARN ] [com.zaxxer.hikari.util.DriverDataSource:68]-- Registered driver with driverClassName=com.mysql.jdbc.Driver was not found, trying direct instantiation.
[2019-07-30 21:25:43] [WARN ] [com.zaxxer.hikari.pool.HikariPool:766]-- HikariPool-1 - Thread starvation or clock leap detected (housekeeper delta=1m19s291ms444µs37ns).
[2019-07-30 21:26:22] [WARN ] [org.springframework.web.servlet.mvc.support.DefaultHandlerExceptionResolver:198]-- Resolved [org.springframework.web.bind.MissingServletRequestParameterException: Required String parameter 'value' is not present]
[2019-07-30 21:26:32] [WARN ] [org.springframework.web.servlet.mvc.support.DefaultHandlerExceptionResolver:198]-- Resolved [org.springframework.web.bind.MissingServletRequestParameterException: Required String parameter 'value' is not present]
[2019-07-30 21:59:25] [WARN ] [org.thymeleaf.templatemode.TemplateMode:150]-- [THYMELEAF][main] Template Mode 'HTML5' is deprecated. Using Template Mode 'HTML' instead.
[2019-07-30 21:59:42] [WARN ] [com.zaxxer.hikari.util.DriverDataSource:68]-- Registered driver with driverClassName=com.mysql.jdbc.Driver was not found, trying direct instantiation.
[2019-07-30 22:03:26] [WARN ] [org.thymeleaf.templatemode.TemplateMode:150]-- [THYMELEAF][main] Template Mode 'HTML5' is deprecated. Using Template Mode 'HTML' instead.
[2019-07-30 22:03:34] [WARN ] [com.zaxxer.hikari.util.DriverDataSource:68]-- Registered driver with driverClassName=com.mysql.jdbc.Driver was not found, trying direct instantiation.
[2019-07-30 22:04:01] [WARN ] [org.thymeleaf.templatemode.TemplateMode:150]-- [THYMELEAF][main] Template Mode 'HTML5' is deprecated. Using Template Mode 'HTML' instead.
[2019-07-30 22:04:13] [WARN ] [com.zaxxer.hikari.util.DriverDataSource:68]-- Registered driver with driverClassName=com.mysql.jdbc.Driver was not found, trying direct instantiation.
[2019-07-30 22:04:53] [WARN ] [org.thymeleaf.templatemode.TemplateMode:150]-- [THYMELEAF][main] Template Mode 'HTML5' is deprecated. Using Template Mode 'HTML' instead.
[2019-07-30 22:04:59] [WARN ] [com.zaxxer.hikari.util.DriverDataSource:68]-- Registered driver with driverClassName=com.mysql.jdbc.Driver was not found, trying direct instantiation.
[2019-07-30 22:06:04] [WARN ] [org.thymeleaf.templatemode.TemplateMode:150]-- [THYMELEAF][main] Template Mode 'HTML5' is deprecated. Using Template Mode 'HTML' instead.
[2019-07-30 22:06:12] [WARN ] [com.zaxxer.hikari.util.DriverDataSource:68]-- Registered driver with driverClassName=com.mysql.jdbc.Driver was not found, trying direct instantiation.
[2019-07-30 23:01:17] [WARN ] [org.thymeleaf.templatemode.TemplateMode:150]-- [THYMELEAF][main] Template Mode 'HTML5' is deprecated. Using Template Mode 'HTML' instead.
[2019-07-30 23:02:04] [WARN ] [org.thymeleaf.templatemode.TemplateMode:150]-- [THYMELEAF][main] Template Mode 'HTML5' is deprecated. Using Template Mode 'HTML' instead.
[2019-07-30 23:02:31] [WARN ] [com.zaxxer.hikari.util.DriverDataSource:68]-- Registered driver with driverClassName=com.mysql.jdbc.Driver was not found, trying direct instantiation.
[2019-07-30 23:51:49] [WARN ] [io.lettuce.core.protocol.ConnectionWatchdog:176]-- Cannot reconnect: io.netty.channel.AbstractChannel$AnnotatedConnectException: Connection refused: no further information: /127.0.0.1:6379
